<?xml version="1.0" encoding="UTF-8"?>
<testsuite xmlns:xsi="http://www.w3.org/2001/XMLSchema-instance" xsi:noNamespaceSchemaLocation="https://maven.apache.org/surefire/maven-surefire-plugin/xsd/surefire-test-report-3.0.xsd" version="3.0" name="com.substack.dataengineering.AppTest" time="0.014" tests="1" errors="0" skipped="0" failures="0">
  <properties>
    <property name="java.specification.version" value="21"/>
    <property name="sun.jnu.encoding" value="UTF-8"/>
    <property name="java.class.path" value="/Users/rachitmishra/Documents/personal/projs/substack_blog/de_01_data_dedup/kafka-streams-deduplication/target/test-classes:/Users/rachitmishra/Documents/personal/projs/substack_blog/de_01_data_dedup/kafka-streams-deduplication/target/classes:/Users/rachitmishra/.m2/repository/junit/junit/3.8.1/junit-3.8.1.jar:/Users/rachitmishra/.m2/repository/org/apache/kafka/kafka-streams/3.4.1/kafka-streams-3.4.1.jar:/Users/rachitmishra/.m2/repository/org/rocksdb/rocksdbjni/7.1.2/rocksdbjni-7.1.2.jar:/Users/rachitmishra/.m2/repository/org/slf4j/slf4j-api/1.7.36/slf4j-api-1.7.36.jar:/Users/rachitmishra/.m2/repository/com/fasterxml/jackson/core/jackson-annotations/2.13.5/jackson-annotations-2.13.5.jar:/Users/rachitmishra/.m2/repository/org/apache/kafka/kafka-clients/3.4.1/kafka-clients-3.4.1.jar:/Users/rachitmishra/.m2/repository/com/github/luben/zstd-jni/1.5.2-1/zstd-jni-1.5.2-1.jar:/Users/rachitmishra/.m2/repository/org/lz4/lz4-java/1.8.0/lz4-java-1.8.0.jar:/Users/rachitmishra/.m2/repository/org/xerial/snappy/snappy-java/1.1.8.4/snappy-java-1.1.8.4.jar:/Users/rachitmishra/.m2/repository/ch/qos/logback/logback-classic/1.2.6/logback-classic-1.2.6.jar:/Users/rachitmishra/.m2/repository/ch/qos/logback/logback-core/1.2.6/logback-core-1.2.6.jar:/Users/rachitmishra/.m2/repository/com/fasterxml/jackson/core/jackson-databind/2.12.3/jackson-databind-2.12.3.jar:/Users/rachitmishra/.m2/repository/com/fasterxml/jackson/core/jackson-core/2.12.3/jackson-core-2.12.3.jar:"/>
    <property name="java.vm.vendor" value="Homebrew"/>
    <property name="sun.arch.data.model" value="64"/>
    <property name="java.vendor.url" value="https://github.com/Homebrew/homebrew-core/issues"/>
    <property name="os.name" value="Mac OS X"/>
    <property name="java.vm.specification.version" value="21"/>
    <property name="sun.java.launcher" value="SUN_STANDARD"/>
    <property name="user.country" value="IN"/>
    <property name="sun.boot.library.path" value="/opt/homebrew/Cellar/openjdk/21/libexec/openjdk.jdk/Contents/Home/lib"/>
    <property name="sun.java.command" value="/Users/rachitmishra/Documents/personal/projs/substack_blog/de_01_data_dedup/kafka-streams-deduplication/target/surefire/surefirebooter-20231015153434029_3.jar /Users/rachitmishra/Documents/personal/projs/substack_blog/de_01_data_dedup/kafka-streams-deduplication/target/surefire 2023-10-15T15-34-33_973-jvmRun1 surefire-20231015153434029_1tmp surefire_0-20231015153434029_2tmp"/>
    <property name="http.nonProxyHosts" value="local|*.local|169.254/16|*.169.254/16"/>
    <property name="jdk.debug" value="release"/>
    <property name="surefire.test.class.path" value="/Users/rachitmishra/Documents/personal/projs/substack_blog/de_01_data_dedup/kafka-streams-deduplication/target/test-classes:/Users/rachitmishra/Documents/personal/projs/substack_blog/de_01_data_dedup/kafka-streams-deduplication/target/classes:/Users/rachitmishra/.m2/repository/junit/junit/3.8.1/junit-3.8.1.jar:/Users/rachitmishra/.m2/repository/org/apache/kafka/kafka-streams/3.4.1/kafka-streams-3.4.1.jar:/Users/rachitmishra/.m2/repository/org/rocksdb/rocksdbjni/7.1.2/rocksdbjni-7.1.2.jar:/Users/rachitmishra/.m2/repository/org/slf4j/slf4j-api/1.7.36/slf4j-api-1.7.36.jar:/Users/rachitmishra/.m2/repository/com/fasterxml/jackson/core/jackson-annotations/2.13.5/jackson-annotations-2.13.5.jar:/Users/rachitmishra/.m2/repository/org/apache/kafka/kafka-clients/3.4.1/kafka-clients-3.4.1.jar:/Users/rachitmishra/.m2/repository/com/github/luben/zstd-jni/1.5.2-1/zstd-jni-1.5.2-1.jar:/Users/rachitmishra/.m2/repository/org/lz4/lz4-java/1.8.0/lz4-java-1.8.0.jar:/Users/rachitmishra/.m2/repository/org/xerial/snappy/snappy-java/1.1.8.4/snappy-java-1.1.8.4.jar:/Users/rachitmishra/.m2/repository/ch/qos/logback/logback-classic/1.2.6/logback-classic-1.2.6.jar:/Users/rachitmishra/.m2/repository/ch/qos/logback/logback-core/1.2.6/logback-core-1.2.6.jar:/Users/rachitmishra/.m2/repository/com/fasterxml/jackson/core/jackson-databind/2.12.3/jackson-databind-2.12.3.jar:/Users/rachitmishra/.m2/repository/com/fasterxml/jackson/core/jackson-core/2.12.3/jackson-core-2.12.3.jar:"/>
    <property name="sun.cpu.endian" value="little"/>
    <property name="user.home" value="/Users/rachitmishra"/>
    <property name="user.language" value="en"/>
    <property name="java.specification.vendor" value="Oracle Corporation"/>
    <property name="java.version.date" value="2023-09-19"/>
    <property name="java.home" value="/opt/homebrew/Cellar/openjdk/21/libexec/openjdk.jdk/Contents/Home"/>
    <property name="file.separator" value="/"/>
    <property name="basedir" value="/Users/rachitmishra/Documents/personal/projs/substack_blog/de_01_data_dedup/kafka-streams-deduplication"/>
    <property name="java.vm.compressedOopsMode" value="Zero based"/>
    <property name="line.separator" value="&#10;"/>
    <property name="java.vm.specification.vendor" value="Oracle Corporation"/>
    <property name="java.specification.name" value="Java Platform API Specification"/>
    <property name="apple.awt.application.name" value="ForkedBooter"/>
    <property name="surefire.real.class.path" value="/Users/rachitmishra/Documents/personal/projs/substack_blog/de_01_data_dedup/kafka-streams-deduplication/target/surefire/surefirebooter-20231015153434029_3.jar"/>
    <property name="sun.management.compiler" value="HotSpot 64-Bit Tiered Compilers"/>
    <property name="ftp.nonProxyHosts" value="local|*.local|169.254/16|*.169.254/16"/>
    <property name="java.runtime.version" value="21"/>
    <property name="user.name" value="rachitmishra"/>
    <property name="stdout.encoding" value="UTF-8"/>
    <property name="path.separator" value=":"/>
    <property name="os.version" value="12.0.1"/>
    <property name="java.runtime.name" value="OpenJDK Runtime Environment"/>
    <property name="file.encoding" value="UTF-8"/>
    <property name="java.vm.name" value="OpenJDK 64-Bit Server VM"/>
    <property name="java.vendor.version" value="Homebrew"/>
    <property name="localRepository" value="/Users/rachitmishra/.m2/repository"/>
    <property name="java.vendor.url.bug" value="https://github.com/Homebrew/homebrew-core/issues"/>
    <property name="java.io.tmpdir" value="/var/folders/rb/ty7gq05j7qx3czswgl_c0fxw0000gn/T/"/>
    <property name="java.version" value="21"/>
    <property name="user.dir" value="/Users/rachitmishra/Documents/personal/projs/substack_blog/de_01_data_dedup/kafka-streams-deduplication"/>
    <property name="os.arch" value="aarch64"/>
    <property name="java.vm.specification.name" value="Java Virtual Machine Specification"/>
    <property name="native.encoding" value="UTF-8"/>
    <property name="java.library.path" value="/Users/rachitmishra/Library/Java/Extensions:/Library/Java/Extensions:/Network/Library/Java/Extensions:/System/Library/Java/Extensions:/usr/lib/java:."/>
    <property name="java.vm.info" value="mixed mode, sharing"/>
    <property name="stderr.encoding" value="UTF-8"/>
    <property name="java.vendor" value="Homebrew"/>
    <property name="java.vm.version" value="21"/>
    <property name="sun.io.unicode.encoding" value="UnicodeBig"/>
    <property name="socksNonProxyHosts" value="local|*.local|169.254/16|*.169.254/16"/>
    <property name="java.class.version" value="65.0"/>
  </properties>
  <testcase name="testApp" classname="com.substack.dataengineering.AppTest" time="0.001"/>
</testsuite>